
    
    
    
    
    
	
    

    
 
	
	
	


	
	

	
	

	
	
	





 

  


  


  



  


  


  




  

	



	


   


    

   

   

   


	

	

	

	
	

	
	

	

	

	

	

	

	

	

	

	

	

		
    
    

	
	
	

	

	

	

	

	

	

	

	

	

    
    
    
    
    
    
    
	    
	        <testsuite name="mxunit.testresults" hostname="127.0.0.1" tests="6" failures="0" errors="6" timestamp="07/10/12 9:01:19 PM" time="0"><properties>
[...]
</properties><testcase classname="underscore.mxunit_tests.utilitiesTest" name="utilitiesTest" time="0"><error message="expression"><![CDATA[invalid component definition, can't find underscore.mxunit_tests.utilitiesTest at C:\Users\Russ\Desktop\railo-4.0.0.013-railo-express-with-jre-windows64\webroot\mxunit\framework\TestSuite.cfc:108 at C:\Users\Russ\Desktop\railo-4.0.0.013-railo-express-with-jre-windows64\webroot\mxunit\runner\DirectoryTestSuite.cfc:29 at C:\Users\Russ\Desktop\railo-4.0.0.013-railo-express-with-jre-windows64\webroot\mxunit\runner\HttpAntRunner.cfc:28]]></error></testcase><testcase classname="underscore.mxunit_tests.collectionsTest" name="collectionsTest" time="0"><error message="expression"><![CDATA[invalid component definition, can't find underscore.mxunit_tests.collectionsTest at C:\Users\Russ\Desktop\railo-4.0.0.013-railo-express-with-jre-windows64\webroot\mxunit\framework\TestSuite.cfc:108 at C:\Users\Russ\Desktop\railo-4.0.0.013-railo-express-with-jre-windows64\webroot\mxunit\runner\DirectoryTestSuite.cfc:29 at C:\Users\Russ\Desktop\railo-4.0.0.013-railo-express-with-jre-windows64\webroot\mxunit\runner\HttpAntRunner.cfc:28]]></error></testcase><testcase classname="underscore.mxunit_tests.arraysTest" name="arraysTest" time="0"><error message="expression"><![CDATA[invalid component definition, can't find underscore.mxunit_tests.arraysTest at C:\Users\Russ\Desktop\railo-4.0.0.013-railo-express-with-jre-windows64\webroot\mxunit\framework\TestSuite.cfc:108 at C:\Users\Russ\Desktop\railo-4.0.0.013-railo-express-with-jre-windows64\webroot\mxunit\runner\DirectoryTestSuite.cfc:29 at C:\Users\Russ\Desktop\railo-4.0.0.013-railo-express-with-jre-windows64\webroot\mxunit\runner\HttpAntRunner.cfc:28]]></error></testcase><testcase classname="underscore.mxunit_tests.examplesTest" name="examplesTest" time="0"><error message="expression"><![CDATA[invalid component definition, can't find underscore.mxunit_tests.examplesTest at C:\Users\Russ\Desktop\railo-4.0.0.013-railo-express-with-jre-windows64\webroot\mxunit\framework\TestSuite.cfc:108 at C:\Users\Russ\Desktop\railo-4.0.0.013-railo-express-with-jre-windows64\webroot\mxunit\runner\DirectoryTestSuite.cfc:29 at C:\Users\Russ\Desktop\railo-4.0.0.013-railo-express-with-jre-windows64\webroot\mxunit\runner\HttpAntRunner.cfc:28]]></error></testcase><testcase classname="underscore.mxunit_tests.objectsTest" name="objectsTest" time="0"><error message="expression"><![CDATA[invalid component definition, can't find underscore.mxunit_tests.objectsTest at C:\Users\Russ\Desktop\railo-4.0.0.013-railo-express-with-jre-windows64\webroot\mxunit\framework\TestSuite.cfc:108 at C:\Users\Russ\Desktop\railo-4.0.0.013-railo-express-with-jre-windows64\webroot\mxunit\runner\DirectoryTestSuite.cfc:29 at C:\Users\Russ\Desktop\railo-4.0.0.013-railo-express-with-jre-windows64\webroot\mxunit\runner\HttpAntRunner.cfc:28]]></error></testcase><testcase classname="underscore.mxunit_tests.functionsTest" name="functionsTest" time="0"><error message="expression"><![CDATA[invalid component definition, can't find underscore.mxunit_tests.functionsTest at C:\Users\Russ\Desktop\railo-4.0.0.013-railo-express-with-jre-windows64\webroot\mxunit\framework\TestSuite.cfc:108 at C:\Users\Russ\Desktop\railo-4.0.0.013-railo-express-with-jre-windows64\webroot\mxunit\runner\DirectoryTestSuite.cfc:29 at C:\Users\Russ\Desktop\railo-4.0.0.013-railo-express-with-jre-windows64\webroot\mxunit\runner\HttpAntRunner.cfc:28]]></error></testcase></testsuite>
	      
    
  
    